{"numFailedTestSuites":0,"numFailedTests":0,"numPassedTestSuites":12,"numPassedTests":79,"numPendingTestSuites":0,"numPendingTests":0,"numRuntimeErrorTestSuites":0,"numTodoTests":0,"numTotalTestSuites":12,"numTotalTests":79,"openHandles":[],"snapshot":{"added":0,"didUpdate":false,"failure":false,"filesAdded":0,"filesRemoved":0,"filesRemovedList":[],"filesUnmatched":0,"filesUpdated":0,"matched":0,"total":0,"unchecked":0,"uncheckedKeysByFile":[],"unmatched":0,"updated":0},"startTime":1776699505740,"success":true,"testResults":[{"assertionResults":[{"ancestorTitles":["AlertRuleEvaluator","evaluateAndEmit"],"duration":55,"failureDetails":[],"failureMessages":[],"fullName":"AlertRuleEvaluator evaluateAndEmit returns an empty array when no rules match","invocations":1,"location":null,"numPassingAsserts":2,"retryReasons":[],"status":"passed","title":"returns an empty array when no rules match"},{"ancestorTitles":["AlertRuleEvaluator","evaluateAndEmit"],"duration":11,"failureDetails":[],"failureMessages":[],"fullName":"AlertRuleEvaluator evaluateAndEmit returns a payload and emits an event when a rule matches","invocations":1,"location":null,"numPassingAsserts":4,"retryReasons":[],"status":"passed","title":"returns a payload and emits an event when a rule matches"},{"ancestorTitles":["AlertRuleEvaluator","evaluateAndEmit"],"duration":9,"failureDetails":[],"failureMessages":[],"fullName":"AlertRuleEvaluator evaluateAndEmit only emits for matching rules when mixed","invocations":1,"location":null,"numPassingAsserts":2,"retryReasons":[],"status":"passed","title":"only emits for matching rules when mixed"},{"ancestorTitles":["AlertRuleEvaluator","evaluateAndEmit"],"duration":5,"failureDetails":[],"failureMessages":[],"fullName":"AlertRuleEvaluator evaluateAndEmit emits once per matching rule when multiple rules match","invocations":1,"location":null,"numPassingAsserts":2,"retryReasons":[],"status":"passed","title":"emits once per matching rule when multiple rules match"},{"ancestorTitles":["AlertRuleEvaluator","evaluateAndEmit"],"duration":11,"failureDetails":[],"failureMessages":[],"fullName":"AlertRuleEvaluator evaluateAndEmit passes context to the check function","invocations":1,"location":null,"numPassingAsserts":1,"retryReasons":[],"status":"passed","title":"passes context to the check function"},{"ancestorTitles":["AlertRuleEvaluator","evaluateAndEmit"],"duration":5,"failureDetails":[],"failureMessages":[],"fullName":"AlertRuleEvaluator evaluateAndEmit returns empty array when rules list is empty","invocations":1,"location":null,"numPassingAsserts":2,"retryReasons":[],"status":"passed","title":"returns empty array when rules list is empty"}],"endTime":1776699520367,"message":"","name":"C:\\Users\\magshimim\\Desktop\\Magsh\\projects\\media-sync\\backend\\src\\common\\services\\alert-rule-evaluator.service.spec.ts","startTime":1776699507128,"status":"passed","summary":""},{"assertionResults":[{"ancestorTitles":["PodQueryService","listPods"],"duration":154,"failureDetails":[],"failureMessages":[],"fullName":"PodQueryService listPods returns all pods from the repository","invocations":1,"location":null,"numPassingAsserts":2,"retryReasons":[],"status":"passed","title":"returns all pods from the repository"},{"ancestorTitles":["PodQueryService","getActivePods"],"duration":8,"failureDetails":[],"failureMessages":[],"fullName":"PodQueryService getActivePods queries findActive with a date 120s in the past","invocations":1,"location":null,"numPassingAsserts":3,"retryReasons":[],"status":"passed","title":"queries findActive with a date 120s in the past"},{"ancestorTitles":["PodQueryService","getActivePods"],"duration":9,"failureDetails":[],"failureMessages":[],"fullName":"PodQueryService getActivePods forwards role filter to the repository","invocations":1,"location":null,"numPassingAsserts":1,"retryReasons":[],"status":"passed","title":"forwards role filter to the repository"},{"ancestorTitles":["PodQueryService","listActivePodRefs"],"duration":6,"failureDetails":[],"failureMessages":[],"fullName":"PodQueryService listActivePodRefs maps pods to ActivePodRef objects","invocations":1,"location":null,"numPassingAsserts":1,"retryReasons":[],"status":"passed","title":"maps pods to ActivePodRef objects"},{"ancestorTitles":["PodQueryService","listActivePodIds"],"duration":5,"failureDetails":[],"failureMessages":[],"fullName":"PodQueryService listActivePodIds returns only the podId strings","invocations":1,"location":null,"numPassingAsserts":1,"retryReasons":[],"status":"passed","title":"returns only the podId strings"},{"ancestorTitles":["PodQueryService","listActivePodIds"],"duration":6,"failureDetails":[],"failureMessages":[],"fullName":"PodQueryService listActivePodIds returns empty array when no active pods","invocations":1,"location":null,"numPassingAsserts":1,"retryReasons":[],"status":"passed","title":"returns empty array when no active pods"}],"endTime":1776699520859,"message":"","name":"C:\\Users\\magshimim\\Desktop\\Magsh\\projects\\media-sync\\backend\\src\\pods\\services\\pod-query.service.spec.ts","startTime":1776699507189,"status":"passed","summary":""},{"assertionResults":[{"ancestorTitles":["SyncQueryAggregatorService","buildContext"],"duration":73,"failureDetails":[],"failureMessages":[],"fullName":"SyncQueryAggregatorService buildContext calls all four data sources in parallel","invocations":1,"location":null,"numPassingAsserts":4,"retryReasons":[],"status":"passed","title":"calls all four data sources in parallel"},{"ancestorTitles":["SyncQueryAggregatorService","buildContext"],"duration":17,"failureDetails":[],"failureMessages":[],"fullName":"SyncQueryAggregatorService buildContext assembles ingestList correctly","invocations":1,"location":null,"numPassingAsserts":2,"retryReasons":[],"status":"passed","title":"assembles ingestList correctly"},{"ancestorTitles":["SyncQueryAggregatorService","buildContext"],"duration":12,"failureDetails":[],"failureMessages":[],"fullName":"SyncQueryAggregatorService buildContext assembles clusterList correctly","invocations":1,"location":null,"numPassingAsserts":2,"retryReasons":[],"status":"passed","title":"assembles clusterList correctly"},{"ancestorTitles":["SyncQueryAggregatorService","buildContext"],"duration":6,"failureDetails":[],"failureMessages":[],"fullName":"SyncQueryAggregatorService buildContext builds ingestNames Set from ingestList","invocations":1,"location":null,"numPassingAsserts":3,"retryReasons":[],"status":"passed","title":"builds ingestNames Set from ingestList"},{"ancestorTitles":["SyncQueryAggregatorService","buildContext"],"duration":9,"failureDetails":[],"failureMessages":[],"fullName":"SyncQueryAggregatorService buildContext builds clusterNames Set from clusterList","invocations":1,"location":null,"numPassingAsserts":2,"retryReasons":[],"status":"passed","title":"builds clusterNames Set from clusterList"},{"ancestorTitles":["SyncQueryAggregatorService","buildContext"],"duration":6,"failureDetails":[],"failureMessages":[],"fullName":"SyncQueryAggregatorService buildContext includes podIds from the pods service","invocations":1,"location":null,"numPassingAsserts":1,"retryReasons":[],"status":"passed","title":"includes podIds from the pods service"},{"ancestorTitles":["SyncQueryAggregatorService","buildContext"],"duration":7,"failureDetails":[],"failureMessages":[],"fullName":"SyncQueryAggregatorService buildContext includes allStreams from the stream query","invocations":1,"location":null,"numPassingAsserts":1,"retryReasons":[],"status":"passed","title":"includes allStreams from the stream query"},{"ancestorTitles":["SyncQueryAggregatorService","buildContext"],"duration":8,"failureDetails":[],"failureMessages":[],"fullName":"SyncQueryAggregatorService buildContext returns empty Sets and arrays when nothing is active","invocations":1,"location":null,"numPassingAsserts":4,"retryReasons":[],"status":"passed","title":"returns empty Sets and arrays when nothing is active"}],"endTime":1776699520902,"message":"","name":"C:\\Users\\magshimim\\Desktop\\Magsh\\projects\\media-sync\\backend\\src\\sync\\services\\query\\sync-query-aggregator.service.spec.ts","startTime":1776699507066,"status":"passed","summary":""},{"assertionResults":[{"ancestorTitles":["PodRegistrationService","registerPod"],"duration":107,"failureDetails":[],"failureMessages":[],"fullName":"PodRegistrationService registerPod upserts the pod with ACTIVE status and emits POD_REGISTERED","invocations":1,"location":null,"numPassingAsserts":3,"retryReasons":[],"status":"passed","title":"upserts the pod with ACTIVE status and emits POD_REGISTERED"},{"ancestorTitles":["PodRegistrationService","registerPod"],"duration":10,"failureDetails":[],"failureMessages":[],"fullName":"PodRegistrationService registerPod includes optional fields when provided","invocations":1,"location":null,"numPassingAsserts":1,"retryReasons":[],"status":"passed","title":"includes optional fields when provided"},{"ancestorTitles":["PodRegistrationService","registerPod"],"duration":8,"failureDetails":[],"failureMessages":[],"fullName":"PodRegistrationService registerPod omits optional fields when not provided","invocations":1,"location":null,"numPassingAsserts":3,"retryReasons":[],"status":"passed","title":"omits optional fields when not provided"},{"ancestorTitles":["PodRegistrationService","registerPod"],"duration":8,"failureDetails":[],"failureMessages":[],"fullName":"PodRegistrationService registerPod updates lastHeartbeatAt with a recent timestamp","invocations":1,"location":null,"numPassingAsserts":2,"retryReasons":[],"status":"passed","title":"updates lastHeartbeatAt with a recent timestamp"},{"ancestorTitles":["PodRegistrationService","heartbeat"],"duration":10,"failureDetails":[],"failureMessages":[],"fullName":"PodRegistrationService heartbeat upserts the pod with ACTIVE status and current timestamp","invocations":1,"location":null,"numPassingAsserts":2,"retryReasons":[],"status":"passed","title":"upserts the pod with ACTIVE status and current timestamp"},{"ancestorTitles":["PodRegistrationService","heartbeat"],"duration":15,"failureDetails":[],"failureMessages":[],"fullName":"PodRegistrationService heartbeat does not emit an event","invocations":1,"location":null,"numPassingAsserts":1,"retryReasons":[],"status":"passed","title":"does not emit an event"}],"endTime":1776699520918,"message":"","name":"C:\\Users\\magshimim\\Desktop\\Magsh\\projects\\media-sync\\backend\\src\\pods\\services\\pod-registration.service.spec.ts","startTime":1776699507147,"status":"passed","summary":""},{"assertionResults":[{"ancestorTitles":["StreamInspectionRecorderService","inspectAndRecord Γאפ happy path"],"duration":110,"failureDetails":[],"failureMessages":[],"fullName":"StreamInspectionRecorderService inspectAndRecord Γאפ happy path saves a record with parsed tracks when stats succeed","invocations":1,"location":null,"numPassingAsserts":5,"retryReasons":[],"status":"passed","title":"saves a record with parsed tracks when stats succeed"},{"ancestorTitles":["StreamInspectionRecorderService","inspectAndRecord Γאפ happy path"],"duration":8,"failureDetails":[],"failureMessages":[],"fullName":"StreamInspectionRecorderService inspectAndRecord Γאפ happy path includes bytesReceived, bytesSent, readers in metadata","invocations":1,"location":null,"numPassingAsserts":1,"retryReasons":[],"status":"passed","title":"includes bytesReceived, bytesSent, readers in metadata"},{"ancestorTitles":["StreamInspectionRecorderService","inspectAndRecord Γאפ happy path"],"duration":13,"failureDetails":[],"failureMessages":[],"fullName":"StreamInspectionRecorderService inspectAndRecord Γאפ happy path emits STREAM_INSPECTED after a successful save","invocations":1,"location":null,"numPassingAsserts":1,"retryReasons":[],"status":"passed","title":"emits STREAM_INSPECTED after a successful save"},{"ancestorTitles":["StreamInspectionRecorderService","inspectAndRecord Γאפ error path"],"duration":16,"failureDetails":[],"failureMessages":[],"fullName":"StreamInspectionRecorderService inspectAndRecord Γאפ error path saves a record with lastError and empty tracks when stats throw","invocations":1,"location":null,"numPassingAsserts":4,"retryReasons":[],"status":"passed","title":"saves a record with lastError and empty tracks when stats throw"},{"ancestorTitles":["StreamInspectionRecorderService","inspectAndRecord Γאפ error path"],"duration":15,"failureDetails":[],"failureMessages":[],"fullName":"StreamInspectionRecorderService inspectAndRecord Γאפ error path emits STREAM_INSPECTED even on error","invocations":1,"location":null,"numPassingAsserts":1,"retryReasons":[],"status":"passed","title":"emits STREAM_INSPECTED even on error"},{"ancestorTitles":["StreamInspectionRecorderService","inspectAndRecord Γאפ error path"],"duration":7,"failureDetails":[],"failureMessages":[],"fullName":"StreamInspectionRecorderService inspectAndRecord Γאפ error path stringifies non-Error thrown values for lastError","invocations":1,"location":null,"numPassingAsserts":1,"retryReasons":[],"status":"passed","title":"stringifies non-Error thrown values for lastError"},{"ancestorTitles":["StreamInspectionRecorderService","inspectAndRecord Γאפ error path"],"duration":11,"failureDetails":[],"failureMessages":[],"fullName":"StreamInspectionRecorderService inspectAndRecord Γאפ error path does not rethrow after error Γאפ resolves normally","invocations":1,"location":null,"numPassingAsserts":1,"retryReasons":[],"status":"passed","title":"does not rethrow after error Γאפ resolves normally"}],"endTime":1776699520929,"message":"","name":"C:\\Users\\magshimim\\Desktop\\Magsh\\projects\\media-sync\\backend\\src\\stream-inspection\\services\\recording\\stream-inspection-recorder.service.spec.ts","startTime":1776699507087,"status":"passed","summary":""},{"assertionResults":[{"ancestorTitles":["StreamInspectionSchedulerService","inspectAllStreams"],"duration":59,"failureDetails":[],"failureMessages":[],"fullName":"StreamInspectionSchedulerService inspectAllStreams fetches contextual streams and passes them to processSequential","invocations":1,"location":null,"numPassingAsserts":2,"retryReasons":[],"status":"passed","title":"fetches contextual streams and passes them to processSequential"},{"ancestorTitles":["StreamInspectionSchedulerService","inspectAllStreams"],"duration":14,"failureDetails":[],"failureMessages":[],"fullName":"StreamInspectionSchedulerService inspectAllStreams the processor callback delegates to recorder.inspectAndRecord","invocations":1,"location":null,"numPassingAsserts":1,"retryReasons":[],"status":"passed","title":"the processor callback delegates to recorder.inspectAndRecord"},{"ancestorTitles":["StreamInspectionSchedulerService","inspectAllStreams"],"duration":8,"failureDetails":[],"failureMessages":[],"fullName":"StreamInspectionSchedulerService inspectAllStreams does nothing when there are no streams","invocations":1,"location":null,"numPassingAsserts":1,"retryReasons":[],"status":"passed","title":"does nothing when there are no streams"}],"endTime":1776699521009,"message":"","name":"C:\\Users\\magshimim\\Desktop\\Magsh\\projects\\media-sync\\backend\\src\\stream-inspection\\services\\scheduling\\stream-inspection-scheduler.service.spec.ts","startTime":1776699507037,"status":"passed","summary":""},{"assertionResults":[{"ancestorTitles":["StreamMetricProcessor","processStreamMetric Γאפ success path"],"duration":58,"failureDetails":[],"failureMessages":[],"fullName":"StreamMetricProcessor processStreamMetric Γאפ success path fetches stats, persists metric, and emits METRIC_COLLECTED","invocations":1,"location":null,"numPassingAsserts":3,"retryReasons":[],"status":"passed","title":"fetches stats, persists metric, and emits METRIC_COLLECTED"},{"ancestorTitles":["StreamMetricProcessor","processStreamMetric Γאפ success path"],"duration":15,"failureDetails":[],"failureMessages":[],"fullName":"StreamMetricProcessor processStreamMetric Γאפ success path calls failover evaluation for CLUSTER role","invocations":1,"location":null,"numPassingAsserts":1,"retryReasons":[],"status":"passed","title":"calls failover evaluation for CLUSTER role"},{"ancestorTitles":["StreamMetricProcessor","processStreamMetric Γאפ success path"],"duration":13,"failureDetails":[],"failureMessages":[],"fullName":"StreamMetricProcessor processStreamMetric Γאפ success path skips failover evaluation for INGEST role","invocations":1,"location":null,"numPassingAsserts":1,"retryReasons":[],"status":"passed","title":"skips failover evaluation for INGEST role"},{"ancestorTitles":["StreamMetricProcessor","processStreamMetric Γאפ error path"],"duration":8,"failureDetails":[],"failureMessages":[],"fullName":"StreamMetricProcessor processStreamMetric Γאפ error path catches errors and does not rethrow","invocations":1,"location":null,"numPassingAsserts":1,"retryReasons":[],"status":"passed","title":"catches errors and does not rethrow"},{"ancestorTitles":["StreamMetricProcessor","processStreamMetric Γאפ error path"],"duration":12,"failureDetails":[],"failureMessages":[],"fullName":"StreamMetricProcessor processStreamMetric Γאפ error path does not persist metric when stats fetch fails","invocations":1,"location":null,"numPassingAsserts":2,"retryReasons":[],"status":"passed","title":"does not persist metric when stats fetch fails"}],"endTime":1776699521253,"message":"","name":"C:\\Users\\magshimim\\Desktop\\Magsh\\projects\\media-sync\\backend\\src\\metrics\\services\\collection\\stream-metric-processor.service.spec.ts","startTime":1776699507052,"status":"passed","summary":""},{"assertionResults":[{"ancestorTitles":["VideoTrackParser"],"duration":4,"failureDetails":[],"failureMessages":[],"fullName":"VideoTrackParser recognises the 'video' type","invocations":1,"location":null,"numPassingAsserts":1,"retryReasons":[],"status":"passed","title":"recognises the 'video' type"},{"ancestorTitles":["VideoTrackParser"],"duration":2,"failureDetails":[],"failureMessages":[],"fullName":"VideoTrackParser rejects non-video types","invocations":1,"location":null,"numPassingAsserts":2,"retryReasons":[],"status":"passed","title":"rejects non-video types"},{"ancestorTitles":["VideoTrackParser"],"duration":2,"failureDetails":[],"failureMessages":[],"fullName":"VideoTrackParser parses a video track into a StreamTrack","invocations":1,"location":null,"numPassingAsserts":1,"retryReasons":[],"status":"passed","title":"parses a video track into a StreamTrack"},{"ancestorTitles":["VideoTrackParser"],"duration":1,"failureDetails":[],"failureMessages":[],"fullName":"VideoTrackParser maps undefined optional fields as undefined","invocations":1,"location":null,"numPassingAsserts":2,"retryReasons":[],"status":"passed","title":"maps undefined optional fields as undefined"},{"ancestorTitles":["AudioTrackParser"],"duration":3,"failureDetails":[],"failureMessages":[],"fullName":"AudioTrackParser recognises the 'audio' type","invocations":1,"location":null,"numPassingAsserts":1,"retryReasons":[],"status":"passed","title":"recognises the 'audio' type"},{"ancestorTitles":["AudioTrackParser"],"duration":1,"failureDetails":[],"failureMessages":[],"fullName":"AudioTrackParser rejects non-audio types","invocations":1,"location":null,"numPassingAsserts":1,"retryReasons":[],"status":"passed","title":"rejects non-audio types"},{"ancestorTitles":["AudioTrackParser"],"duration":1,"failureDetails":[],"failureMessages":[],"fullName":"AudioTrackParser parses an audio track","invocations":1,"location":null,"numPassingAsserts":1,"retryReasons":[],"status":"passed","title":"parses an audio track"},{"ancestorTitles":["DataTrackParser"],"duration":1,"failureDetails":[],"failureMessages":[],"fullName":"DataTrackParser recognises the 'data' type","invocations":1,"location":null,"numPassingAsserts":1,"retryReasons":[],"status":"passed","title":"recognises the 'data' type"},{"ancestorTitles":["DataTrackParser"],"duration":1,"failureDetails":[],"failureMessages":[],"fullName":"DataTrackParser parses a data track","invocations":1,"location":null,"numPassingAsserts":1,"retryReasons":[],"status":"passed","title":"parses a data track"},{"ancestorTitles":["SubtitleTrackParser"],"duration":0,"failureDetails":[],"failureMessages":[],"fullName":"SubtitleTrackParser recognises the 'subtitle' type","invocations":1,"location":null,"numPassingAsserts":1,"retryReasons":[],"status":"passed","title":"recognises the 'subtitle' type"},{"ancestorTitles":["SubtitleTrackParser"],"duration":0,"failureDetails":[],"failureMessages":[],"fullName":"SubtitleTrackParser parses a subtitle track","invocations":1,"location":null,"numPassingAsserts":1,"retryReasons":[],"status":"passed","title":"parses a subtitle track"},{"ancestorTitles":["parseTracksFromPathItem"],"duration":0,"failureDetails":[],"failureMessages":[],"fullName":"parseTracksFromPathItem returns an empty array for a path item with no tracks","invocations":1,"location":null,"numPassingAsserts":1,"retryReasons":[],"status":"passed","title":"returns an empty array for a path item with no tracks"},{"ancestorTitles":["parseTracksFromPathItem"],"duration":0,"failureDetails":[],"failureMessages":[],"fullName":"parseTracksFromPathItem returns an empty array when tracks is an empty array","invocations":1,"location":null,"numPassingAsserts":1,"retryReasons":[],"status":"passed","title":"returns an empty array when tracks is an empty array"},{"ancestorTitles":["parseTracksFromPathItem"],"duration":1,"failureDetails":[],"failureMessages":[],"fullName":"parseTracksFromPathItem parses a single video track","invocations":1,"location":null,"numPassingAsserts":2,"retryReasons":[],"status":"passed","title":"parses a single video track"},{"ancestorTitles":["parseTracksFromPathItem"],"duration":2,"failureDetails":[],"failureMessages":[],"fullName":"parseTracksFromPathItem parses multiple tracks of different types","invocations":1,"location":null,"numPassingAsserts":2,"retryReasons":[],"status":"passed","title":"parses multiple tracks of different types"},{"ancestorTitles":["parseTracksFromPathItem"],"duration":1,"failureDetails":[],"failureMessages":[],"fullName":"parseTracksFromPathItem skips tracks with an unrecognised type","invocations":1,"location":null,"numPassingAsserts":2,"retryReasons":[],"status":"passed","title":"skips tracks with an unrecognised type"},{"ancestorTitles":["parseTracksFromPathItem"],"duration":3,"failureDetails":[],"failureMessages":[],"fullName":"parseTracksFromPathItem parses all four supported track types together","invocations":1,"location":null,"numPassingAsserts":1,"retryReasons":[],"status":"passed","title":"parses all four supported track types together"}],"endTime":1776699521323,"message":"","name":"C:\\Users\\magshimim\\Desktop\\Magsh\\projects\\media-sync\\backend\\src\\stream-inspection\\services\\parsing\\stream-track-parser.spec.ts","startTime":1776699520980,"status":"passed","summary":""},{"assertionResults":[{"ancestorTitles":["StreamInspectionQueryService","findLatest"],"duration":42,"failureDetails":[],"failureMessages":[],"fullName":"StreamInspectionQueryService findLatest delegates to the repository and returns the result","invocations":1,"location":null,"numPassingAsserts":2,"retryReasons":[],"status":"passed","title":"delegates to the repository and returns the result"},{"ancestorTitles":["StreamInspectionQueryService","findLatest"],"duration":6,"failureDetails":[],"failureMessages":[],"fullName":"StreamInspectionQueryService findLatest returns null when the repository returns null","invocations":1,"location":null,"numPassingAsserts":1,"retryReasons":[],"status":"passed","title":"returns null when the repository returns null"},{"ancestorTitles":["StreamInspectionQueryService","findHistory"],"duration":3,"failureDetails":[],"failureMessages":[],"fullName":"StreamInspectionQueryService findHistory delegates to the repository with streamName and limit","invocations":1,"location":null,"numPassingAsserts":2,"retryReasons":[],"status":"passed","title":"delegates to the repository with streamName and limit"},{"ancestorTitles":["StreamInspectionQueryService","findAllLatest"],"duration":3,"failureDetails":[],"failureMessages":[],"fullName":"StreamInspectionQueryService findAllLatest delegates to the repository and returns all results","invocations":1,"location":null,"numPassingAsserts":2,"retryReasons":[],"status":"passed","title":"delegates to the repository and returns all results"}],"endTime":1776699521844,"message":"","name":"C:\\Users\\magshimim\\Desktop\\Magsh\\projects\\media-sync\\backend\\src\\stream-inspection\\services\\query\\stream-inspection-query.service.spec.ts","startTime":1776699520939,"status":"passed","summary":""},{"assertionResults":[{"ancestorTitles":["MediaMtxClientFactory"],"duration":3,"failureDetails":[],"failureMessages":[],"fullName":"MediaMtxClientFactory creates a new MediaMtxClient for the given URL","invocations":1,"location":null,"numPassingAsserts":1,"retryReasons":[],"status":"passed","title":"creates a new MediaMtxClient for the given URL"},{"ancestorTitles":["MediaMtxClientFactory"],"duration":4,"failureDetails":[],"failureMessages":[],"fullName":"MediaMtxClientFactory returns the same instance for the same URL on subsequent calls","invocations":1,"location":null,"numPassingAsserts":1,"retryReasons":[],"status":"passed","title":"returns the same instance for the same URL on subsequent calls"},{"ancestorTitles":["MediaMtxClientFactory"],"duration":1,"failureDetails":[],"failureMessages":[],"fullName":"MediaMtxClientFactory creates separate instances for different URLs","invocations":1,"location":null,"numPassingAsserts":1,"retryReasons":[],"status":"passed","title":"creates separate instances for different URLs"},{"ancestorTitles":["MediaMtxClientFactory"],"duration":1,"failureDetails":[],"failureMessages":[],"fullName":"MediaMtxClientFactory caches independently per URL Γאפ adding a third URL does not affect existing ones","invocations":1,"location":null,"numPassingAsserts":2,"retryReasons":[],"status":"passed","title":"caches independently per URL Γאפ adding a third URL does not affect existing ones"}],"endTime":1776699521878,"message":"","name":"C:\\Users\\magshimim\\Desktop\\Magsh\\projects\\media-sync\\backend\\src\\infrastructure\\media-mtx\\registry\\media-mtx-client-factory.spec.ts","startTime":1776699520950,"status":"passed","summary":""},{"assertionResults":[{"ancestorTitles":["SequentialStreamTaskRunner","processSequential"],"duration":44,"failureDetails":[],"failureMessages":[],"fullName":"SequentialStreamTaskRunner processSequential calls the processor for each item in order","invocations":1,"location":null,"numPassingAsserts":2,"retryReasons":[],"status":"passed","title":"calls the processor for each item in order"},{"ancestorTitles":["SequentialStreamTaskRunner","processSequential"],"duration":44,"failureDetails":[],"failureMessages":[],"fullName":"SequentialStreamTaskRunner processSequential awaits each processor before calling the next","invocations":1,"location":null,"numPassingAsserts":1,"retryReasons":[],"status":"passed","title":"awaits each processor before calling the next"},{"ancestorTitles":["SequentialStreamTaskRunner","processSequential"],"duration":4,"failureDetails":[],"failureMessages":[],"fullName":"SequentialStreamTaskRunner processSequential does nothing for an empty list","invocations":1,"location":null,"numPassingAsserts":1,"retryReasons":[],"status":"passed","title":"does nothing for an empty list"},{"ancestorTitles":["SequentialStreamTaskRunner","processSequential"],"duration":30,"failureDetails":[],"failureMessages":[],"fullName":"SequentialStreamTaskRunner processSequential propagates errors thrown by the processor","invocations":1,"location":null,"numPassingAsserts":1,"retryReasons":[],"status":"passed","title":"propagates errors thrown by the processor"},{"ancestorTitles":["SequentialStreamTaskRunner","runSafely"],"duration":6,"failureDetails":[],"failureMessages":[],"fullName":"SequentialStreamTaskRunner runSafely calls work and does not invoke onError when work succeeds","invocations":1,"location":null,"numPassingAsserts":2,"retryReasons":[],"status":"passed","title":"calls work and does not invoke onError when work succeeds"},{"ancestorTitles":["SequentialStreamTaskRunner","runSafely"],"duration":4,"failureDetails":[],"failureMessages":[],"fullName":"SequentialStreamTaskRunner runSafely calls onError with the thrown value when work throws","invocations":1,"location":null,"numPassingAsserts":1,"retryReasons":[],"status":"passed","title":"calls onError with the thrown value when work throws"},{"ancestorTitles":["SequentialStreamTaskRunner","runSafely"],"duration":5,"failureDetails":[],"failureMessages":[],"fullName":"SequentialStreamTaskRunner runSafely does not rethrow after calling onError","invocations":1,"location":null,"numPassingAsserts":1,"retryReasons":[],"status":"passed","title":"does not rethrow after calling onError"}],"endTime":1776699521924,"message":"","name":"C:\\Users\\magshimim\\Desktop\\Magsh\\projects\\media-sync\\backend\\src\\common\\services\\sequential-stream-task-runner.service.spec.ts","startTime":1776699520888,"status":"passed","summary":""},{"assertionResults":[{"ancestorTitles":["SyncOrchestratorService","execute Γאפ with active pods"],"duration":17,"failureDetails":[],"failureMessages":[],"fullName":"SyncOrchestratorService execute Γאפ with active pods runs all registered workflows in order","invocations":1,"location":null,"numPassingAsserts":1,"retryReasons":[],"status":"passed","title":"runs all registered workflows in order"},{"ancestorTitles":["SyncOrchestratorService","execute Γאפ with active pods"],"duration":3,"failureDetails":[],"failureMessages":[],"fullName":"SyncOrchestratorService execute Γאפ with active pods passes the context to each workflow","invocations":1,"location":null,"numPassingAsserts":2,"retryReasons":[],"status":"passed","title":"passes the context to each workflow"},{"ancestorTitles":["SyncOrchestratorService","execute Γאפ with active pods"],"duration":2,"failureDetails":[],"failureMessages":[],"fullName":"SyncOrchestratorService execute Γאפ with active pods emits SYNC_TICK with ingest and cluster counts after workflows complete","invocations":1,"location":null,"numPassingAsserts":1,"retryReasons":[],"status":"passed","title":"emits SYNC_TICK with ingest and cluster counts after workflows complete"},{"ancestorTitles":["SyncOrchestratorService","execute Γאפ no active pods"],"duration":4,"failureDetails":[],"failureMessages":[],"fullName":"SyncOrchestratorService execute Γאפ no active pods skips all workflows when podIds is empty","invocations":1,"location":null,"numPassingAsserts":1,"retryReasons":[],"status":"passed","title":"skips all workflows when podIds is empty"},{"ancestorTitles":["SyncOrchestratorService","execute Γאפ no active pods"],"duration":4,"failureDetails":[],"failureMessages":[],"fullName":"SyncOrchestratorService execute Γאפ no active pods does not emit SYNC_TICK when podIds is empty","invocations":1,"location":null,"numPassingAsserts":1,"retryReasons":[],"status":"passed","title":"does not emit SYNC_TICK when podIds is empty"},{"ancestorTitles":["SyncOrchestratorService","execute Γאפ no registered workflows"],"duration":3,"failureDetails":[],"failureMessages":[],"fullName":"SyncOrchestratorService execute Γאפ no registered workflows emits SYNC_TICK even with zero workflows","invocations":1,"location":null,"numPassingAsserts":1,"retryReasons":[],"status":"passed","title":"emits SYNC_TICK even with zero workflows"}],"endTime":1776699523525,"message":"","name":"C:\\Users\\magshimim\\Desktop\\Magsh\\projects\\media-sync\\backend\\src\\sync\\services\\orchestration\\sync-orchestrator.service.spec.ts","startTime":1776699520407,"status":"passed","summary":""}],"wasInterrupted":false}
